TN:
SF:app.js
FN:26,(anonymous_0)
FN:42,(anonymous_1)
FNF:2
FNH:0
FNDA:0,(anonymous_0)
FNDA:0,(anonymous_1)
DA:1,1
DA:2,1
DA:3,1
DA:5,1
DA:6,1
DA:7,1
DA:10,1
DA:11,1
DA:12,1
DA:14,1
DA:15,0
DA:18,1
DA:19,1
DA:20,1
DA:21,1
DA:26,1
DA:27,0
DA:28,0
DA:29,0
DA:31,0
DA:36,0
DA:41,1
DA:42,0
DA:43,0
DA:47,1
LF:25
LH:17
BRDA:11,0,0,1
BRDA:11,0,1,1
BRDA:14,1,0,0
BRDA:14,1,1,1
BRDA:27,2,0,0
BRDA:27,2,1,0
BRDA:28,3,0,0
BRDA:28,3,1,0
BRDA:29,4,0,0
BRDA:29,4,1,0
BRDA:41,5,0,0
BRDA:41,5,1,1
BRF:12
BRH:4
end_of_record
TN:
SF:connectDB.js
FN:9,(anonymous_0)
FN:15,(anonymous_1)
FN:18,(anonymous_2)
FNF:3
FNH:2
FNDA:1,(anonymous_0)
FNDA:1,(anonymous_1)
FNDA:0,(anonymous_2)
DA:1,1
DA:2,1
DA:5,1
DA:9,1
DA:10,1
DA:16,1
DA:19,0
DA:24,1
LF:8
LH:7
BRF:0
BRH:0
end_of_record
TN:
SF:errorHandler.js
FN:6,(anonymous_0)
FNF:1
FNH:0
FNDA:0,(anonymous_0)
DA:6,1
DA:7,0
DA:8,0
DA:9,0
DA:11,0
DA:15,1
LF:6
LH:2
BRF:0
BRH:0
end_of_record
TN:
SF:controllers/controllerAuth.js
FN:12,(anonymous_0)
FN:32,(anonymous_1)
FNF:2
FNH:0
FNDA:0,(anonymous_0)
FNDA:0,(anonymous_1)
DA:1,1
DA:2,1
DA:3,1
DA:4,1
DA:5,1
DA:12,1
DA:13,0
DA:15,0
DA:16,0
DA:18,0
DA:24,0
DA:32,1
DA:33,0
DA:34,0
DA:36,0
DA:37,0
DA:40,0
DA:41,0
DA:42,0
DA:43,0
DA:45,0
DA:53,0
DA:56,0
DA:59,0
DA:63,1
DA:68,1
LF:26
LH:9
BRDA:36,0,0,0
BRDA:36,0,1,0
BRDA:38,1,0,0
BRDA:38,1,1,0
BRDA:40,2,0,0
BRDA:40,2,1,0
BRF:6
BRH:0
end_of_record
TN:
SF:controllers/controllerUser.js
FN:9,(anonymous_0)
FN:32,(anonymous_1)
FNF:2
FNH:1
FNDA:1,(anonymous_0)
FNDA:0,(anonymous_1)
DA:1,1
DA:2,1
DA:9,1
DA:10,1
DA:11,1
DA:13,1
DA:18,0
DA:32,1
DA:33,0
DA:34,0
DA:35,0
DA:38,0
DA:43,0
DA:47,0
DA:81,1
DA:92,1
LF:16
LH:9
BRDA:33,0,0,0
BRDA:33,0,1,0
BRF:2
BRH:0
end_of_record
TN:
SF:models/modelUser.js
FNF:0
FNH:0
DA:1,1
DA:4,1
DA:39,1
DA:40,1
LF:4
LH:4
BRF:0
BRH:0
end_of_record
TN:
SF:routes/routerAuth.js
FNF:0
FNH:0
DA:1,1
DA:2,1
DA:6,1
DA:8,1
DA:9,1
DA:11,1
LF:6
LH:6
BRF:0
BRH:0
end_of_record
TN:
SF:routes/routerUser.js
FNF:0
FNH:0
DA:1,1
DA:3,1
DA:7,1
DA:9,1
DA:30,1
LF:5
LH:5
BRF:0
BRH:0
end_of_record
